Copyright 1986-2022 Xilinx, Inc. All Rights Reserved.
------------------------------------------------------------------------------------
| Tool Version : Vivado v.2022.2 (win64) Build 3671981 Fri Oct 14 05:00:03 MDT 2022
| Date         : Tue Oct  3 22:08:53 2023
| Host         : DESKTOP-R5C9152 running 64-bit major release  (build 9200)
| Command      : report_control_sets -verbose -file circuit_control_sets_placed.rpt
| Design       : circuit
| Device       : xc7a100t
------------------------------------------------------------------------------------

Control Set Information

Table of Contents
-----------------
1. Summary
2. Histogram
3. Flip-Flop Distribution
4. Detailed Control Set Information

1. Summary
----------

+----------------------------------------------------------+-------+
|                          Status                          | Count |
+----------------------------------------------------------+-------+
| Total control sets                                       |   331 |
|    Minimum number of control sets                        |   331 |
|    Addition due to synthesis replication                 |     0 |
|    Addition due to physical synthesis replication        |     0 |
| Unused register locations in slices containing registers |   482 |
+----------------------------------------------------------+-------+
* Control sets can be merged at opt_design using control_set_merge or merge_equivalent_drivers
** Run report_qor_suggestions for automated merging and remapping suggestions


2. Histogram
------------

+--------------------+-------+
|       Fanout       | Count |
+--------------------+-------+
| Total control sets |   331 |
| >= 0 to < 4        |    16 |
| >= 4 to < 6        |    10 |
| >= 6 to < 8        |   291 |
| >= 8 to < 10       |     3 |
| >= 10 to < 12      |     2 |
| >= 12 to < 14      |     0 |
| >= 14 to < 16      |     1 |
| >= 16              |     8 |
+--------------------+-------+
* Control sets can be remapped at either synth_design or opt_design


3. Flip-Flop Distribution
-------------------------

+--------------+-----------------------+------------------------+-----------------+--------------+
| Clock Enable | Synchronous Set/Reset | Asynchronous Set/Reset | Total Registers | Total Slices |
+--------------+-----------------------+------------------------+-----------------+--------------+
| No           | No                    | No                     |              64 |           26 |
| No           | No                    | Yes                    |               0 |            0 |
| No           | Yes                   | No                     |              96 |           41 |
| Yes          | No                    | No                     |             123 |           47 |
| Yes          | No                    | Yes                    |               0 |            0 |
| Yes          | Yes                   | No                     |            2147 |         1389 |
+--------------+-----------------------+------------------------+-----------------+--------------+


4. Detailed Control Set Information
-----------------------------------

+----------------+-------------------------------+-------------------------------+------------------+----------------+--------------+
|  Clock Signal  |         Enable Signal         |        Set/Reset Signal       | Slice Load Count | Bel Load Count | Bels / Slice |
+----------------+-------------------------------+-------------------------------+------------------+----------------+--------------+
|  clk_IBUF_BUFG | dbc/state_reg[1]_0[6]         | dbu/N0                        |                1 |              1 |         1.00 |
|  clk_IBUF_BUFG | dbc/state_reg[1]_0[2]         | dbu/N0                        |                1 |              1 |         1.00 |
|  clk_IBUF_BUFG | dbc/state_reg[1]_0[1]         | dbu/N0                        |                1 |              1 |         1.00 |
|  clk_IBUF_BUFG | dbc/state_reg[1]_0[4]         | dbu/N0                        |                1 |              1 |         1.00 |
|  clk_IBUF_BUFG | dbc/state_reg[1]_0[5]         | dbu/N0                        |                1 |              1 |         1.00 |
|  clk_IBUF_BUFG | dbc/state_reg[1]_0[3]         | dbu/N0                        |                1 |              1 |         1.00 |
|  clk_IBUF_BUFG | dbc/state_reg[1]_0[0]         | dbu/N0                        |                1 |              1 |         1.00 |
|  clk_IBUF_BUFG | dbc/digit_reg[0]_5            | dbu/N0                        |                1 |              1 |         1.00 |
|  clk_IBUF_BUFG | dbc/digit_reg[0]_0            | dbu/N0                        |                1 |              1 |         1.00 |
|  clk_IBUF_BUFG | dbc/digit_reg[0]_1            | dbu/N0                        |                1 |              1 |         1.00 |
|  clk_IBUF_BUFG | dbc/digit_reg[0]_4            | dbu/N0                        |                1 |              1 |         1.00 |
|  clk_IBUF_BUFG | dbc/digit_reg[0]              | dbu/N0                        |                1 |              1 |         1.00 |
|  clk_IBUF_BUFG | dbc/digit_reg[0]_3            | dbu/N0                        |                1 |              1 |         1.00 |
|  clk_IBUF_BUFG | dbc/digit_reg[0]_6            | dbu/N0                        |                1 |              1 |         1.00 |
|  clk_IBUF_BUFG | dbc/digit_reg[0]_2            | dbu/N0                        |                1 |              1 |         1.00 |
|  clk_IBUF_BUFG | dbc/state_reg[1]_0[7]         | dbu/N0                        |                1 |              1 |         1.00 |
|  clk2_reg_n_0  |                               | ic/cntr/Q[0]                  |                2 |              4 |         2.00 |
|  clk2_reg_n_0  |                               | ic/cntr/q_reg[2]_0            |                3 |              4 |         1.33 |
|  clk_IBUF_BUFG | automate/g[3]_i_2_n_0         | automate/g[3]_i_1_n_0         |                2 |              4 |         2.00 |
|  clk_IBUF_BUFG | dbc/N_reg[2]                  | dbc/state_reg[2]              |                2 |              4 |         2.00 |
|  clk_IBUF_BUFG | automate/state[3]_i_1_n_0     |                               |                3 |              4 |         1.33 |
|  clk_IBUF_BUFG | dbc/flag_reg[0]               |                               |                3 |              4 |         1.33 |
|  clk_IBUF_BUFG | dbc/E[0]                      | dbu/N0                        |                2 |              4 |         2.00 |
|  clk_IBUF_BUFG | automate/CEA2                 | automate/RSTA                 |                3 |              5 |         1.67 |
|  clk_IBUF_BUFG | mask[5]_i_2_n_0               | dbu/state_reg[2]              |                1 |              5 |         5.00 |
|  clk_IBUF_BUFG | dbc/N_reg[2]                  | dbc/state_reg[3]              |                1 |              5 |         5.00 |
|  clk_IBUF_BUFG | automate/loc_inc              |                               |                4 |              6 |         1.50 |
|  clk_IBUF_BUFG | automate/K[10][8][6]_i_2_n_0  | automate/K[10][8][6]_i_1_n_0  |                5 |              7 |         1.40 |
|  clk_IBUF_BUFG | automate/K[1][13][6]_i_2_n_0  | automate/K[1][13][6]_i_1_n_0  |                4 |              7 |         1.75 |
|  clk_IBUF_BUFG | automate/K[1][11][6]_i_2_n_0  | automate/K[1][11][6]_i_1_n_0  |                4 |              7 |         1.75 |
|  clk_IBUF_BUFG | automate/K[1][12][6]_i_2_n_0  | automate/K[1][12][6]_i_1_n_0  |                5 |              7 |         1.40 |
|  clk_IBUF_BUFG | automate/K[1][10][6]_i_2_n_0  | automate/K[1][10][6]_i_1_n_0  |                5 |              7 |         1.40 |
|  clk_IBUF_BUFG | automate/K[0][0][6]_i_2_n_0   | automate/K[0][0][6]_i_1_n_0   |                4 |              7 |         1.75 |
|  clk_IBUF_BUFG | automate/K[0][12][6]_i_2_n_0  | automate/K[0][12][6]_i_1_n_0  |                5 |              7 |         1.40 |
|  clk_IBUF_BUFG | automate/K[0][10][6]_i_2_n_0  | automate/K[0][10][6]_i_1_n_0  |                5 |              7 |         1.40 |
|  clk_IBUF_BUFG | automate/K[0][11][6]_i_2_n_0  | automate/K[0][11][6]_i_1_n_0  |                5 |              7 |         1.40 |
|  clk_IBUF_BUFG | automate/K[0][15][6]_i_2_n_0  | automate/K[0][15][6]_i_1_n_0  |                5 |              7 |         1.40 |
|  clk_IBUF_BUFG | automate/K[0][13][6]_i_2_n_0  | automate/K[0][13][6]_i_1_n_0  |                4 |              7 |         1.75 |
|  clk_IBUF_BUFG | automate/K[0][14][6]_i_2_n_0  | automate/K[0][14][6]_i_1_n_0  |                4 |              7 |         1.75 |
|  clk_IBUF_BUFG | automate/K[0][16][6]_i_2_n_0  | automate/K[0][16][6]_i_1_n_0  |                5 |              7 |         1.40 |
|  clk_IBUF_BUFG | automate/K[0][3][6]_i_2_n_0   | automate/K[0][3][6]_i_1_n_0   |                5 |              7 |         1.40 |
|  clk_IBUF_BUFG | automate/K[0][1][6]_i_2_n_0   | automate/K[0][1][6]_i_1_n_0   |                5 |              7 |         1.40 |
|  clk_IBUF_BUFG | automate/K[0][2][6]_i_2_n_0   | automate/K[0][2][6]_i_1_n_0   |                5 |              7 |         1.40 |
|  clk_IBUF_BUFG | automate/K[0][5][6]_i_2_n_0   | automate/K[0][5][6]_i_1_n_0   |                5 |              7 |         1.40 |
|  clk_IBUF_BUFG | automate/K[0][4][6]_i_2_n_0   | automate/K[0][4][6]_i_1_n_0   |                4 |              7 |         1.75 |
|  clk_IBUF_BUFG | automate/K[0][6][6]_i_2_n_0   | automate/K[0][6][6]_i_1_n_0   |                5 |              7 |         1.40 |
|  clk_IBUF_BUFG | automate/K[0][9][6]_i_2_n_0   | automate/K[0][9][6]_i_1_n_0   |                5 |              7 |         1.40 |
|  clk_IBUF_BUFG | automate/K[0][8][6]_i_2_n_0   | automate/K[0][8][6]_i_1_n_0   |                6 |              7 |         1.17 |
|  clk_IBUF_BUFG | automate/K[0][7][6]_i_2_n_0   | automate/K[0][7][6]_i_1_n_0   |                4 |              7 |         1.75 |
|  clk_IBUF_BUFG | automate/K[10][12][6]_i_2_n_0 | automate/K[10][12][6]_i_1_n_0 |                4 |              7 |         1.75 |
|  clk_IBUF_BUFG | automate/K[10][0][6]_i_2_n_0  | automate/K[10][0][6]_i_1_n_0  |                4 |              7 |         1.75 |
|  clk_IBUF_BUFG | automate/K[10][11][6]_i_2_n_0 | automate/K[10][11][6]_i_1_n_0 |                4 |              7 |         1.75 |
|  clk_IBUF_BUFG | automate/K[10][10][6]_i_2_n_0 | automate/K[10][10][6]_i_1_n_0 |                5 |              7 |         1.40 |
|  clk_IBUF_BUFG | automate/K[10][14][6]_i_2_n_0 | automate/K[10][14][6]_i_1_n_0 |                4 |              7 |         1.75 |
|  clk_IBUF_BUFG | automate/K[10][15][6]_i_2_n_0 | automate/K[10][15][6]_i_1_n_0 |                4 |              7 |         1.75 |
|  clk_IBUF_BUFG | automate/K[10][16][6]_i_2_n_0 | automate/K[10][16][6]_i_1_n_0 |                4 |              7 |         1.75 |
|  clk_IBUF_BUFG | automate/K[10][13][6]_i_2_n_0 | automate/K[10][13][6]_i_1_n_0 |                5 |              7 |         1.40 |
|  clk_IBUF_BUFG | automate/K[10][1][6]_i_2_n_0  | automate/K[10][1][6]_i_1_n_0  |                4 |              7 |         1.75 |
|  clk_IBUF_BUFG | automate/K[10][2][6]_i_2_n_0  | automate/K[10][2][6]_i_1_n_0  |                5 |              7 |         1.40 |
|  clk_IBUF_BUFG | automate/K[10][3][6]_i_2_n_0  | automate/K[10][3][6]_i_1_n_0  |                4 |              7 |         1.75 |
|  clk_IBUF_BUFG | automate/K[10][4][6]_i_2_n_0  | automate/K[10][4][6]_i_1_n_0  |                5 |              7 |         1.40 |
|  clk_IBUF_BUFG | automate/K[10][6][6]_i_2_n_0  | automate/K[10][6][6]_i_1_n_0  |                5 |              7 |         1.40 |
|  clk_IBUF_BUFG | automate/K[10][5][6]_i_2_n_0  | automate/K[10][5][6]_i_1_n_0  |                5 |              7 |         1.40 |
|  clk_IBUF_BUFG | automate/K[10][7][6]_i_2_n_0  | automate/K[10][7][6]_i_1_n_0  |                5 |              7 |         1.40 |
|  clk_IBUF_BUFG | automate/K[11][0][6]_i_2_n_0  | automate/K[11][0][6]_i_1_n_0  |                4 |              7 |         1.75 |
|  clk_IBUF_BUFG | automate/K[3][15][6]_i_2_n_0  | automate/K[3][15][6]_i_1_n_0  |                4 |              7 |         1.75 |
|  clk_IBUF_BUFG | automate/K[11][10][6]_i_2_n_0 | automate/K[11][10][6]_i_1_n_0 |                4 |              7 |         1.75 |
|  clk_IBUF_BUFG | automate/K[10][9][6]_i_2_n_0  | automate/K[10][9][6]_i_1_n_0  |                5 |              7 |         1.40 |
|  clk_IBUF_BUFG | automate/K[11][13][6]_i_2_n_0 | automate/K[11][13][6]_i_1_n_0 |                4 |              7 |         1.75 |
|  clk_IBUF_BUFG | automate/K[11][11][6]_i_2_n_0 | automate/K[11][11][6]_i_1_n_0 |                6 |              7 |         1.17 |
|  clk_IBUF_BUFG | automate/K[11][12][6]_i_2_n_0 | automate/K[11][12][6]_i_1_n_0 |                4 |              7 |         1.75 |
|  clk_IBUF_BUFG | automate/K[11][1][6]_i_2_n_0  | automate/K[11][1][6]_i_1_n_0  |                5 |              7 |         1.40 |
|  clk_IBUF_BUFG | automate/K[11][14][6]_i_2_n_0 | automate/K[11][14][6]_i_1_n_0 |                5 |              7 |         1.40 |
|  clk_IBUF_BUFG | automate/K[11][16][6]_i_2_n_0 | automate/K[11][16][6]_i_1_n_0 |                5 |              7 |         1.40 |
|  clk_IBUF_BUFG | automate/K[11][15][6]_i_2_n_0 | automate/K[11][15][6]_i_1_n_0 |                4 |              7 |         1.75 |
|  clk_IBUF_BUFG | automate/K[11][5][6]_i_2_n_0  | automate/K[11][5][6]_i_1_n_0  |                3 |              7 |         2.33 |
|  clk_IBUF_BUFG | automate/K[11][3][6]_i_2_n_0  | automate/K[11][3][6]_i_1_n_0  |                4 |              7 |         1.75 |
|  clk_IBUF_BUFG | automate/K[11][2][6]_i_2_n_0  | automate/K[11][2][6]_i_1_n_0  |                4 |              7 |         1.75 |
|  clk_IBUF_BUFG | automate/K[11][4][6]_i_2_n_0  | automate/K[11][4][6]_i_1_n_0  |                5 |              7 |         1.40 |
|  clk_IBUF_BUFG | automate/K[11][6][6]_i_2_n_0  | automate/K[11][6][6]_i_1_n_0  |                5 |              7 |         1.40 |
|  clk_IBUF_BUFG | automate/K[11][9][6]_i_2_n_0  | automate/K[11][9][6]_i_1_n_0  |                5 |              7 |         1.40 |
|  clk_IBUF_BUFG | automate/K[11][7][6]_i_2_n_0  | automate/K[11][7][6]_i_1_n_0  |                5 |              7 |         1.40 |
|  clk_IBUF_BUFG | automate/K[11][8][6]_i_2_n_0  | automate/K[11][8][6]_i_1_n_0  |                5 |              7 |         1.40 |
|  clk_IBUF_BUFG | automate/K[12][0][6]_i_2_n_0  | automate/K[12][0][6]_i_1_n_0  |                4 |              7 |         1.75 |
|  clk_IBUF_BUFG | automate/K[1][15][6]_i_2_n_0  | automate/K[1][15][6]_i_1_n_0  |                4 |              7 |         1.75 |
|  clk_IBUF_BUFG | automate/K[1][14][6]_i_2_n_0  | automate/K[1][14][6]_i_1_n_0  |                4 |              7 |         1.75 |
|  clk_IBUF_BUFG | automate/K[1][1][6]_i_2_n_0   | automate/K[1][1][6]_i_1_n_0   |                5 |              7 |         1.40 |
|  clk_IBUF_BUFG | automate/K[1][16][6]_i_2_n_0  | automate/K[1][16][6]_i_1_n_0  |                6 |              7 |         1.17 |
|  clk_IBUF_BUFG | automate/K[1][5][6]_i_2_n_0   | automate/K[1][5][6]_i_1_n_0   |                5 |              7 |         1.40 |
|  clk_IBUF_BUFG | automate/K[1][2][6]_i_2_n_0   | automate/K[1][2][6]_i_1_n_0   |                4 |              7 |         1.75 |
|  clk_IBUF_BUFG | automate/K[7][5][6]_i_2_n_0   | automate/K[7][5][6]_i_1_n_0   |                4 |              7 |         1.75 |
|  clk_IBUF_BUFG | automate/K[7][3][6]_i_2_n_0   | automate/K[7][3][6]_i_1_n_0   |                4 |              7 |         1.75 |
|  clk_IBUF_BUFG | automate/K[7][4][6]_i_2_n_0   | automate/K[7][4][6]_i_1_n_0   |                5 |              7 |         1.40 |
|  clk_IBUF_BUFG | automate/K[7][6][6]_i_2_n_0   | automate/K[7][6][6]_i_1_n_0   |                4 |              7 |         1.75 |
|  clk_IBUF_BUFG | automate/K[7][7][6]_i_2_n_0   | automate/K[7][7][6]_i_1_n_0   |                6 |              7 |         1.17 |
|  clk_IBUF_BUFG | automate/K[7][8][6]_i_2_n_0   | automate/K[7][8][6]_i_1_n_0   |                4 |              7 |         1.75 |
|  clk_IBUF_BUFG | automate/K[7][9][6]_i_2_n_0   | automate/K[7][9][6]_i_1_n_0   |                4 |              7 |         1.75 |
|  clk_IBUF_BUFG | automate/K[8][0][6]_i_2_n_0   | automate/K[8][0][6]_i_1_n_0   |                5 |              7 |         1.40 |
|  clk_IBUF_BUFG | automate/K[8][10][6]_i_2_n_0  | automate/K[8][10][6]_i_1_n_0  |                4 |              7 |         1.75 |
|  clk_IBUF_BUFG | automate/K[8][12][6]_i_2_n_0  | automate/K[8][12][6]_i_1_n_0  |                4 |              7 |         1.75 |
|  clk_IBUF_BUFG | automate/K[8][11][6]_i_2_n_0  | automate/K[8][11][6]_i_1_n_0  |                4 |              7 |         1.75 |
|  clk_IBUF_BUFG | automate/K[8][16][6]_i_2_n_0  | automate/K[8][16][6]_i_1_n_0  |                5 |              7 |         1.40 |
|  clk_IBUF_BUFG | automate/K[8][14][6]_i_2_n_0  | automate/K[8][14][6]_i_1_n_0  |                4 |              7 |         1.75 |
|  clk_IBUF_BUFG | automate/K[8][13][6]_i_2_n_0  | automate/K[8][13][6]_i_1_n_0  |                4 |              7 |         1.75 |
|  clk_IBUF_BUFG | automate/K[8][15][6]_i_2_n_0  | automate/K[8][15][6]_i_1_n_0  |                3 |              7 |         2.33 |
|  clk_IBUF_BUFG | automate/K[8][1][6]_i_2_n_0   | automate/K[8][1][6]_i_1_n_0   |                4 |              7 |         1.75 |
|  clk_IBUF_BUFG | automate/K[8][2][6]_i_2_n_0   | automate/K[8][2][6]_i_1_n_0   |                4 |              7 |         1.75 |
|  clk_IBUF_BUFG | automate/K[8][3][6]_i_2_n_0   | automate/K[8][3][6]_i_1_n_0   |                5 |              7 |         1.40 |
|  clk_IBUF_BUFG | automate/K[8][6][6]_i_2_n_0   | automate/K[8][6][6]_i_1_n_0   |                4 |              7 |         1.75 |
|  clk_IBUF_BUFG | automate/K[8][4][6]_i_2_n_0   | automate/K[8][4][6]_i_1_n_0   |                5 |              7 |         1.40 |
|  clk_IBUF_BUFG | automate/K[8][5][6]_i_2_n_0   | automate/K[8][5][6]_i_1_n_0   |                5 |              7 |         1.40 |
|  clk_IBUF_BUFG | automate/K[8][7][6]_i_2_n_0   | automate/K[8][7][6]_i_1_n_0   |                5 |              7 |         1.40 |
|  clk_IBUF_BUFG | automate/K[8][9][6]_i_2_n_0   | automate/K[8][9][6]_i_1_n_0   |                5 |              7 |         1.40 |
|  clk_IBUF_BUFG | automate/K[9][0][6]_i_2_n_0   | automate/K[9][0][6]_i_1_n_0   |                4 |              7 |         1.75 |
|  clk_IBUF_BUFG | automate/K[9][10][6]_i_2_n_0  | automate/K[9][10][6]_i_1_n_0  |                5 |              7 |         1.40 |
|  clk_IBUF_BUFG | automate/K[8][8][6]_i_2_n_0   | automate/K[8][8][6]_i_1_n_0   |                5 |              7 |         1.40 |
|  clk_IBUF_BUFG | automate/K[9][12][6]_i_2_n_0  | automate/K[9][12][6]_i_1_n_0  |                5 |              7 |         1.40 |
|  clk_IBUF_BUFG | automate/K[9][11][6]_i_2_n_0  | automate/K[9][11][6]_i_1_n_0  |                5 |              7 |         1.40 |
|  clk_IBUF_BUFG | automate/K[9][13][6]_i_2_n_0  | automate/K[9][13][6]_i_1_n_0  |                4 |              7 |         1.75 |
|  clk_IBUF_BUFG | automate/K[9][16][6]_i_2_n_0  | automate/K[9][16][6]_i_1_n_0  |                3 |              7 |         2.33 |
|  clk_IBUF_BUFG | automate/K[9][1][6]_i_2_n_0   | automate/K[9][1][6]_i_1_n_0   |                5 |              7 |         1.40 |
|  clk_IBUF_BUFG | automate/K[9][14][6]_i_2_n_0  | automate/K[9][14][6]_i_1_n_0  |                5 |              7 |         1.40 |
|  clk_IBUF_BUFG | automate/K[9][15][6]_i_2_n_0  | automate/K[9][15][6]_i_1_n_0  |                5 |              7 |         1.40 |
|  clk_IBUF_BUFG | automate/K[9][4][6]_i_2_n_0   | automate/K[9][4][6]_i_1_n_0   |                4 |              7 |         1.75 |
|  clk_IBUF_BUFG | automate/K[9][2][6]_i_2_n_0   | automate/K[9][2][6]_i_1_n_0   |                5 |              7 |         1.40 |
|  clk_IBUF_BUFG | automate/K[9][3][6]_i_2_n_0   | automate/K[9][3][6]_i_1_n_0   |                5 |              7 |         1.40 |
|  clk_IBUF_BUFG | automate/K[9][5][6]_i_2_n_0   | automate/K[9][5][6]_i_1_n_0   |                4 |              7 |         1.75 |
|  clk_IBUF_BUFG | automate/K[9][9][6]_i_2_n_0   | automate/K[9][9][6]_i_1_n_0   |                4 |              7 |         1.75 |
|  clk_IBUF_BUFG | automate/K[9][7][6]_i_2_n_0   | automate/K[9][7][6]_i_1_n_0   |                5 |              7 |         1.40 |
|  clk_IBUF_BUFG | automate/K[9][6][6]_i_2_n_0   | automate/K[9][6][6]_i_1_n_0   |                4 |              7 |         1.75 |
|  clk_IBUF_BUFG | automate/K[9][8][6]_i_2_n_0   | automate/K[9][8][6]_i_1_n_0   |                5 |              7 |         1.40 |
|  clk_IBUF_BUFG | automate/K[1][3][6]_i_2_n_0   | automate/K[1][3][6]_i_1_n_0   |                4 |              7 |         1.75 |
|  clk_IBUF_BUFG | automate/K[1][4][6]_i_2_n_0   | automate/K[1][4][6]_i_1_n_0   |                5 |              7 |         1.40 |
|  clk_IBUF_BUFG | automate/K[1][6][6]_i_2_n_0   | automate/K[1][6][6]_i_1_n_0   |                5 |              7 |         1.40 |
|  clk_IBUF_BUFG | automate/res[6]_i_2_n_0       | automate/c1                   |                4 |              7 |         1.75 |
|  clk_IBUF_BUFG | automate/K[7][2][6]_i_2_n_0   | automate/K[7][2][6]_i_1_n_0   |                4 |              7 |         1.75 |
|  clk_IBUF_BUFG | automate/K[7][15][6]_i_2_n_0  | automate/K[7][15][6]_i_1_n_0  |                4 |              7 |         1.75 |
|  clk_IBUF_BUFG | automate/K[7][16][6]_i_2_n_0  | automate/K[7][16][6]_i_1_n_0  |                4 |              7 |         1.75 |
|  clk_IBUF_BUFG | automate/K[7][1][6]_i_2_n_0   | automate/K[7][1][6]_i_1_n_0   |                5 |              7 |         1.40 |
|  clk_IBUF_BUFG | automate/K[1][7][6]_i_2_n_0   | automate/K[1][7][6]_i_1_n_0   |                5 |              7 |         1.40 |
|  clk_IBUF_BUFG | automate/K[2][0][6]_i_2_n_0   | automate/K[2][0][6]_i_1_n_0   |                5 |              7 |         1.40 |
|  clk_IBUF_BUFG | automate/K[1][8][6]_i_2_n_0   | automate/K[1][8][6]_i_1_n_0   |                5 |              7 |         1.40 |
|  clk_IBUF_BUFG | automate/K[1][9][6]_i_2_n_0   | automate/K[1][9][6]_i_1_n_0   |                4 |              7 |         1.75 |
|  clk_IBUF_BUFG | automate/K[2][10][6]_i_2_n_0  | automate/K[2][10][6]_i_1_n_0  |                4 |              7 |         1.75 |
|  clk_IBUF_BUFG | automate/K[2][12][6]_i_2_n_0  | automate/K[2][12][6]_i_1_n_0  |                4 |              7 |         1.75 |
|  clk_IBUF_BUFG | automate/K[2][11][6]_i_2_n_0  | automate/K[2][11][6]_i_1_n_0  |                5 |              7 |         1.40 |
|  clk_IBUF_BUFG | automate/K[2][13][6]_i_2_n_0  | automate/K[2][13][6]_i_1_n_0  |                5 |              7 |         1.40 |
|  clk_IBUF_BUFG | automate/K[2][16][6]_i_2_n_0  | automate/K[2][16][6]_i_1_n_0  |                3 |              7 |         2.33 |
|  clk_IBUF_BUFG | automate/K[2][14][6]_i_2_n_0  | automate/K[2][14][6]_i_1_n_0  |                5 |              7 |         1.40 |
|  clk_IBUF_BUFG | automate/K[2][15][6]_i_2_n_0  | automate/K[2][15][6]_i_1_n_0  |                4 |              7 |         1.75 |
|  clk_IBUF_BUFG | automate/K[2][4][6]_i_2_n_0   | automate/K[2][4][6]_i_1_n_0   |                4 |              7 |         1.75 |
|  clk_IBUF_BUFG | automate/K[2][3][6]_i_2_n_0   | automate/K[2][3][6]_i_1_n_0   |                4 |              7 |         1.75 |
|  clk_IBUF_BUFG | automate/K[2][1][6]_i_2_n_0   | automate/K[2][1][6]_i_1_n_0   |                4 |              7 |         1.75 |
|  clk_IBUF_BUFG | automate/K[2][2][6]_i_2_n_0   | automate/K[2][2][6]_i_1_n_0   |                3 |              7 |         2.33 |
|  clk_IBUF_BUFG | automate/K[2][5][6]_i_2_n_0   | automate/K[2][5][6]_i_1_n_0   |                4 |              7 |         1.75 |
|  clk_IBUF_BUFG | automate/K[2][6][6]_i_2_n_0   | automate/K[2][6][6]_i_1_n_0   |                4 |              7 |         1.75 |
|  clk_IBUF_BUFG | automate/K[2][7][6]_i_2_n_0   | automate/K[2][7][6]_i_1_n_0   |                5 |              7 |         1.40 |
|  clk_IBUF_BUFG | automate/K[3][0][6]_i_2_n_0   | automate/K[3][0][6]_i_1_n_0   |                5 |              7 |         1.40 |
|  clk_IBUF_BUFG | automate/K[2][8][6]_i_2_n_0   | automate/K[2][8][6]_i_1_n_0   |                5 |              7 |         1.40 |
|  clk_IBUF_BUFG | automate/K[2][9][6]_i_2_n_0   | automate/K[2][9][6]_i_1_n_0   |                5 |              7 |         1.40 |
|  clk_IBUF_BUFG | automate/K[3][10][6]_i_2_n_0  | automate/K[3][10][6]_i_1_n_0  |                4 |              7 |         1.75 |
|  clk_IBUF_BUFG | automate/K[3][11][6]_i_2_n_0  | automate/K[3][11][6]_i_1_n_0  |                4 |              7 |         1.75 |
|  clk_IBUF_BUFG | automate/K[3][12][6]_i_2_n_0  | automate/K[3][12][6]_i_1_n_0  |                4 |              7 |         1.75 |
|  clk_IBUF_BUFG | automate/K[3][13][6]_i_2_n_0  | automate/K[3][13][6]_i_1_n_0  |                5 |              7 |         1.40 |
|  clk_IBUF_BUFG | automate/K[3][14][6]_i_2_n_0  | automate/K[3][14][6]_i_1_n_0  |                6 |              7 |         1.17 |
|  clk_IBUF_BUFG | automate/K[15][14][6]_i_2_n_0 | automate/K[15][14][6]_i_1_n_0 |                4 |              7 |         1.75 |
|  clk_IBUF_BUFG | automate/K[3][2][6]_i_2_n_0   | automate/K[3][2][6]_i_1_n_0   |                5 |              7 |         1.40 |
|  clk_IBUF_BUFG | automate/K[3][1][6]_i_2_n_0   | automate/K[3][1][6]_i_1_n_0   |                5 |              7 |         1.40 |
|  clk_IBUF_BUFG | automate/K[3][16][6]_i_2_n_0  | automate/K[3][16][6]_i_1_n_0  |                5 |              7 |         1.40 |
|  clk_IBUF_BUFG | automate/K[3][5][6]_i_2_n_0   | automate/K[3][5][6]_i_1_n_0   |                4 |              7 |         1.75 |
|  clk_IBUF_BUFG | automate/K[3][3][6]_i_2_n_0   | automate/K[3][3][6]_i_1_n_0   |                5 |              7 |         1.40 |
|  clk_IBUF_BUFG | automate/K[3][4][6]_i_2_n_0   | automate/K[3][4][6]_i_1_n_0   |                3 |              7 |         2.33 |
|  clk_IBUF_BUFG | automate/K[3][9][6]_i_2_n_0   | automate/K[3][9][6]_i_1_n_0   |                5 |              7 |         1.40 |
|  clk_IBUF_BUFG | automate/K[3][7][6]_i_2_n_0   | automate/K[3][7][6]_i_1_n_0   |                5 |              7 |         1.40 |
|  clk_IBUF_BUFG | automate/K[3][8][6]_i_2_n_0   | automate/K[3][8][6]_i_1_n_0   |                6 |              7 |         1.17 |
|  clk_IBUF_BUFG | automate/K[3][6][6]_i_2_n_0   | automate/K[3][6][6]_i_1_n_0   |                5 |              7 |         1.40 |
|  clk_IBUF_BUFG | automate/K[4][12][6]_i_2_n_0  | automate/K[4][12][6]_i_1_n_0  |                5 |              7 |         1.40 |
|  clk_IBUF_BUFG | automate/K[4][0][6]_i_2_n_0   | automate/K[4][0][6]_i_1_n_0   |                5 |              7 |         1.40 |
|  clk_IBUF_BUFG | automate/K[4][10][6]_i_2_n_0  | automate/K[4][10][6]_i_1_n_0  |                4 |              7 |         1.75 |
|  clk_IBUF_BUFG | automate/K[4][11][6]_i_2_n_0  | automate/K[4][11][6]_i_1_n_0  |                5 |              7 |         1.40 |
|  clk_IBUF_BUFG | automate/K[4][15][6]_i_2_n_0  | automate/K[4][15][6]_i_1_n_0  |                5 |              7 |         1.40 |
|  clk_IBUF_BUFG | automate/K[4][14][6]_i_2_n_0  | automate/K[4][14][6]_i_1_n_0  |                5 |              7 |         1.40 |
|  clk_IBUF_BUFG | automate/K[4][13][6]_i_2_n_0  | automate/K[4][13][6]_i_1_n_0  |                4 |              7 |         1.75 |
|  clk_IBUF_BUFG | automate/K[4][3][6]_i_2_n_0   | automate/K[4][3][6]_i_1_n_0   |                5 |              7 |         1.40 |
|  clk_IBUF_BUFG | automate/K[4][16][6]_i_2_n_0  | automate/K[4][16][6]_i_1_n_0  |                4 |              7 |         1.75 |
|  clk_IBUF_BUFG | automate/K[4][2][6]_i_2_n_0   | automate/K[4][2][6]_i_1_n_0   |                4 |              7 |         1.75 |
|  clk_IBUF_BUFG | automate/K[4][1][6]_i_2_n_0   | automate/K[4][1][6]_i_1_n_0   |                5 |              7 |         1.40 |
|  clk_IBUF_BUFG | automate/K[4][5][6]_i_2_n_0   | automate/K[4][5][6]_i_1_n_0   |                7 |              7 |         1.00 |
|  clk_IBUF_BUFG | automate/K[4][7][6]_i_2_n_0   | automate/K[4][7][6]_i_1_n_0   |                6 |              7 |         1.17 |
|  clk_IBUF_BUFG | automate/K[4][4][6]_i_2_n_0   | automate/K[4][4][6]_i_1_n_0   |                5 |              7 |         1.40 |
|  clk_IBUF_BUFG | automate/K[4][6][6]_i_2_n_0   | automate/K[4][6][6]_i_1_n_0   |                6 |              7 |         1.17 |
|  clk_IBUF_BUFG | automate/K[5][10][6]_i_2_n_0  | automate/K[5][10][6]_i_1_n_0  |                5 |              7 |         1.40 |
|  clk_IBUF_BUFG | automate/K[5][0][6]_i_2_n_0   | automate/K[5][0][6]_i_1_n_0   |                4 |              7 |         1.75 |
|  clk_IBUF_BUFG | automate/K[4][8][6]_i_2_n_0   | automate/K[4][8][6]_i_1_n_0   |                5 |              7 |         1.40 |
|  clk_IBUF_BUFG | automate/K[4][9][6]_i_2_n_0   | automate/K[4][9][6]_i_1_n_0   |                5 |              7 |         1.40 |
|  clk_IBUF_BUFG | automate/K[5][12][6]_i_2_n_0  | automate/K[5][12][6]_i_1_n_0  |                5 |              7 |         1.40 |
|  clk_IBUF_BUFG | automate/K[5][13][6]_i_2_n_0  | automate/K[5][13][6]_i_1_n_0  |                5 |              7 |         1.40 |
|  clk_IBUF_BUFG | automate/K[5][11][6]_i_2_n_0  | automate/K[5][11][6]_i_1_n_0  |                5 |              7 |         1.40 |
|  clk_IBUF_BUFG | automate/K[5][14][6]_i_2_n_0  | automate/K[5][14][6]_i_1_n_0  |                5 |              7 |         1.40 |
|  clk_IBUF_BUFG | automate/K[5][16][6]_i_2_n_0  | automate/K[5][16][6]_i_1_n_0  |                5 |              7 |         1.40 |
|  clk_IBUF_BUFG | automate/K[5][1][6]_i_2_n_0   | automate/K[5][1][6]_i_1_n_0   |                4 |              7 |         1.75 |
|  clk_IBUF_BUFG | automate/K[5][15][6]_i_2_n_0  | automate/K[5][15][6]_i_1_n_0  |                5 |              7 |         1.40 |
|  clk_IBUF_BUFG | automate/K[5][5][6]_i_2_n_0   | automate/K[5][5][6]_i_1_n_0   |                4 |              7 |         1.75 |
|  clk_IBUF_BUFG | automate/K[5][2][6]_i_2_n_0   | automate/K[5][2][6]_i_1_n_0   |                4 |              7 |         1.75 |
|  clk_IBUF_BUFG | automate/K[5][3][6]_i_2_n_0   | automate/K[5][3][6]_i_1_n_0   |                5 |              7 |         1.40 |
|  clk_IBUF_BUFG | automate/K[5][4][6]_i_2_n_0   | automate/K[5][4][6]_i_1_n_0   |                6 |              7 |         1.17 |
|  clk_IBUF_BUFG | automate/K[5][9][6]_i_2_n_0   | automate/K[5][9][6]_i_1_n_0   |                5 |              7 |         1.40 |
|  clk_IBUF_BUFG | automate/K[5][7][6]_i_2_n_0   | automate/K[5][7][6]_i_1_n_0   |                5 |              7 |         1.40 |
|  clk_IBUF_BUFG | automate/K[5][8][6]_i_2_n_0   | automate/K[5][8][6]_i_1_n_0   |                4 |              7 |         1.75 |
|  clk_IBUF_BUFG | automate/K[5][6][6]_i_2_n_0   | automate/K[5][6][6]_i_1_n_0   |                5 |              7 |         1.40 |
|  clk_IBUF_BUFG | automate/K[6][10][6]_i_2_n_0  | automate/K[6][10][6]_i_1_n_0  |                6 |              7 |         1.17 |
|  clk_IBUF_BUFG | automate/K[6][0][6]_i_2_n_0   | automate/K[6][0][6]_i_1_n_0   |                5 |              7 |         1.40 |
|  clk_IBUF_BUFG | automate/K[6][11][6]_i_2_n_0  | automate/K[6][11][6]_i_1_n_0  |                5 |              7 |         1.40 |
|  clk_IBUF_BUFG | automate/K[6][13][6]_i_2_n_0  | automate/K[6][13][6]_i_1_n_0  |                5 |              7 |         1.40 |
|  clk_IBUF_BUFG | automate/K[6][14][6]_i_2_n_0  | automate/K[6][14][6]_i_1_n_0  |                6 |              7 |         1.17 |
|  clk_IBUF_BUFG | automate/K[6][15][6]_i_2_n_0  | automate/K[6][15][6]_i_1_n_0  |                4 |              7 |         1.75 |
|  clk_IBUF_BUFG | automate/K[6][12][6]_i_2_n_0  | automate/K[6][12][6]_i_1_n_0  |                5 |              7 |         1.40 |
|  clk_IBUF_BUFG | automate/K[6][2][6]_i_2_n_0   | automate/K[6][2][6]_i_1_n_0   |                4 |              7 |         1.75 |
|  clk_IBUF_BUFG | automate/K[6][1][6]_i_2_n_0   | automate/K[6][1][6]_i_1_n_0   |                4 |              7 |         1.75 |
|  clk_IBUF_BUFG | automate/K[6][3][6]_i_2_n_0   | automate/K[6][3][6]_i_1_n_0   |                4 |              7 |         1.75 |
|  clk_IBUF_BUFG | automate/K[6][16][6]_i_2_n_0  | automate/K[6][16][6]_i_1_n_0  |                6 |              7 |         1.17 |
|  clk_IBUF_BUFG | automate/K[6][5][6]_i_2_n_0   | automate/K[6][5][6]_i_1_n_0   |                4 |              7 |         1.75 |
|  clk_IBUF_BUFG | automate/K[6][4][6]_i_2_n_0   | automate/K[6][4][6]_i_1_n_0   |                3 |              7 |         2.33 |
|  clk_IBUF_BUFG | automate/K[6][6][6]_i_2_n_0   | automate/K[6][6][6]_i_1_n_0   |                5 |              7 |         1.40 |
|  clk_IBUF_BUFG | automate/K[7][0][6]_i_2_n_0   | automate/K[7][0][6]_i_1_n_0   |                4 |              7 |         1.75 |
|  clk_IBUF_BUFG | automate/K[6][9][6]_i_2_n_0   | automate/K[6][9][6]_i_1_n_0   |                5 |              7 |         1.40 |
|  clk_IBUF_BUFG | automate/K[6][7][6]_i_2_n_0   | automate/K[6][7][6]_i_1_n_0   |                5 |              7 |         1.40 |
|  clk_IBUF_BUFG | automate/K[6][8][6]_i_2_n_0   | automate/K[6][8][6]_i_1_n_0   |                4 |              7 |         1.75 |
|  clk_IBUF_BUFG | automate/K[7][12][6]_i_2_n_0  | automate/K[7][12][6]_i_1_n_0  |                5 |              7 |         1.40 |
|  clk_IBUF_BUFG | automate/K[7][10][6]_i_2_n_0  | automate/K[7][10][6]_i_1_n_0  |                5 |              7 |         1.40 |
|  clk_IBUF_BUFG | automate/K[7][13][6]_i_2_n_0  | automate/K[7][13][6]_i_1_n_0  |                5 |              7 |         1.40 |
|  clk_IBUF_BUFG | automate/K[7][11][6]_i_2_n_0  | automate/K[7][11][6]_i_1_n_0  |                4 |              7 |         1.75 |
|  clk_IBUF_BUFG | automate/K[7][14][6]_i_2_n_0  | automate/K[7][14][6]_i_1_n_0  |                4 |              7 |         1.75 |
|  clk_IBUF_BUFG | automate/K[12][11][6]_i_2_n_0 | automate/K[12][11][6]_i_1_n_0 |                4 |              7 |         1.75 |
|  clk_IBUF_BUFG | automate/K[12][10][6]_i_2_n_0 | automate/K[12][10][6]_i_1_n_0 |                4 |              7 |         1.75 |
|  clk_IBUF_BUFG | automate/K[12][12][6]_i_2_n_0 | automate/K[12][12][6]_i_1_n_0 |                5 |              7 |         1.40 |
|  clk_IBUF_BUFG | automate/K[12][13][6]_i_2_n_0 | automate/K[12][13][6]_i_1_n_0 |                4 |              7 |         1.75 |
|  clk_IBUF_BUFG | automate/K[12][14][6]_i_2_n_0 | automate/K[12][14][6]_i_1_n_0 |                5 |              7 |         1.40 |
|  clk_IBUF_BUFG | automate/K[12][15][6]_i_2_n_0 | automate/K[12][15][6]_i_1_n_0 |                4 |              7 |         1.75 |
|  clk_IBUF_BUFG | automate/K[12][16][6]_i_2_n_0 | automate/K[12][16][6]_i_1_n_0 |                5 |              7 |         1.40 |
|  clk_IBUF_BUFG | automate/K[12][4][6]_i_2_n_0  | automate/K[12][4][6]_i_1_n_0  |                4 |              7 |         1.75 |
|  clk_IBUF_BUFG | automate/K[12][1][6]_i_2_n_0  | automate/K[12][1][6]_i_1_n_0  |                4 |              7 |         1.75 |
|  clk_IBUF_BUFG | automate/K[12][2][6]_i_2_n_0  | automate/K[12][2][6]_i_1_n_0  |                5 |              7 |         1.40 |
|  clk_IBUF_BUFG | automate/K[12][3][6]_i_2_n_0  | automate/K[12][3][6]_i_1_n_0  |                5 |              7 |         1.40 |
|  clk_IBUF_BUFG | automate/K[12][5][6]_i_2_n_0  | automate/K[12][5][6]_i_1_n_0  |                4 |              7 |         1.75 |
|  clk_IBUF_BUFG | automate/K[12][6][6]_i_2_n_0  | automate/K[12][6][6]_i_1_n_0  |                4 |              7 |         1.75 |
|  clk_IBUF_BUFG | automate/K[12][8][6]_i_2_n_0  | automate/K[12][8][6]_i_1_n_0  |                4 |              7 |         1.75 |
|  clk_IBUF_BUFG | automate/K[12][7][6]_i_2_n_0  | automate/K[12][7][6]_i_1_n_0  |                5 |              7 |         1.40 |
|  clk_IBUF_BUFG | automate/K[13][0][6]_i_2_n_0  | automate/K[13][0][6]_i_1_n_0  |                5 |              7 |         1.40 |
|  clk_IBUF_BUFG | automate/K[12][9][6]_i_2_n_0  | automate/K[12][9][6]_i_1_n_0  |                5 |              7 |         1.40 |
|  clk_IBUF_BUFG | automate/K[13][10][6]_i_2_n_0 | automate/K[13][10][6]_i_1_n_0 |                4 |              7 |         1.75 |
|  clk_IBUF_BUFG | automate/K[13][11][6]_i_2_n_0 | automate/K[13][11][6]_i_1_n_0 |                5 |              7 |         1.40 |
|  clk_IBUF_BUFG | automate/K[13][14][6]_i_2_n_0 | automate/K[13][14][6]_i_1_n_0 |                4 |              7 |         1.75 |
|  clk_IBUF_BUFG | automate/K[13][13][6]_i_2_n_0 | automate/K[13][13][6]_i_1_n_0 |                6 |              7 |         1.17 |
|  clk_IBUF_BUFG | automate/K[13][12][6]_i_2_n_0 | automate/K[13][12][6]_i_1_n_0 |                5 |              7 |         1.40 |
|  clk_IBUF_BUFG | automate/K[13][15][6]_i_2_n_0 | automate/K[13][15][6]_i_1_n_0 |                4 |              7 |         1.75 |
|  clk_IBUF_BUFG | automate/K[13][16][6]_i_2_n_0 | automate/K[13][16][6]_i_1_n_0 |                4 |              7 |         1.75 |
|  clk_IBUF_BUFG | automate/K[13][2][6]_i_2_n_0  | automate/K[13][2][6]_i_1_n_0  |                4 |              7 |         1.75 |
|  clk_IBUF_BUFG | automate/K[13][1][6]_i_2_n_0  | automate/K[13][1][6]_i_1_n_0  |                6 |              7 |         1.17 |
|  clk_IBUF_BUFG | automate/K[13][4][6]_i_2_n_0  | automate/K[13][4][6]_i_1_n_0  |                5 |              7 |         1.40 |
|  clk_IBUF_BUFG | automate/K[13][6][6]_i_2_n_0  | automate/K[13][6][6]_i_1_n_0  |                5 |              7 |         1.40 |
|  clk_IBUF_BUFG | automate/K[13][3][6]_i_2_n_0  | automate/K[13][3][6]_i_1_n_0  |                5 |              7 |         1.40 |
|  clk_IBUF_BUFG | automate/K[13][5][6]_i_2_n_0  | automate/K[13][5][6]_i_1_n_0  |                4 |              7 |         1.75 |
|  clk_IBUF_BUFG | automate/K[13][8][6]_i_2_n_0  | automate/K[13][8][6]_i_1_n_0  |                5 |              7 |         1.40 |
|  clk_IBUF_BUFG | automate/K[13][9][6]_i_2_n_0  | automate/K[13][9][6]_i_1_n_0  |                4 |              7 |         1.75 |
|  clk_IBUF_BUFG | automate/K[13][7][6]_i_2_n_0  | automate/K[13][7][6]_i_1_n_0  |                4 |              7 |         1.75 |
|  clk_IBUF_BUFG | automate/K[14][11][6]_i_2_n_0 | automate/K[14][11][6]_i_1_n_0 |                5 |              7 |         1.40 |
|  clk_IBUF_BUFG | automate/K[14][10][6]_i_2_n_0 | automate/K[14][10][6]_i_1_n_0 |                6 |              7 |         1.17 |
|  clk_IBUF_BUFG | automate/K[14][0][6]_i_2_n_0  | automate/K[14][0][6]_i_1_n_0  |                4 |              7 |         1.75 |
|  clk_IBUF_BUFG | automate/K[14][12][6]_i_2_n_0 | automate/K[14][12][6]_i_1_n_0 |                4 |              7 |         1.75 |
|  clk_IBUF_BUFG | automate/K[14][15][6]_i_2_n_0 | automate/K[14][15][6]_i_1_n_0 |                4 |              7 |         1.75 |
|  clk_IBUF_BUFG | automate/K[14][16][6]_i_2_n_0 | automate/K[14][16][6]_i_1_n_0 |                5 |              7 |         1.40 |
|  clk_IBUF_BUFG | automate/K[14][14][6]_i_2_n_0 | automate/K[14][14][6]_i_1_n_0 |                4 |              7 |         1.75 |
|  clk_IBUF_BUFG | automate/K[14][13][6]_i_2_n_0 | automate/K[14][13][6]_i_1_n_0 |                4 |              7 |         1.75 |
|  clk_IBUF_BUFG | automate/K[14][2][6]_i_2_n_0  | automate/K[14][2][6]_i_1_n_0  |                5 |              7 |         1.40 |
|  clk_IBUF_BUFG | automate/K[14][3][6]_i_2_n_0  | automate/K[14][3][6]_i_1_n_0  |                5 |              7 |         1.40 |
|  clk_IBUF_BUFG | automate/K[14][1][6]_i_2_n_0  | automate/K[14][1][6]_i_1_n_0  |                4 |              7 |         1.75 |
|  clk_IBUF_BUFG | automate/K[14][4][6]_i_2_n_0  | automate/K[14][4][6]_i_1_n_0  |                4 |              7 |         1.75 |
|  clk_IBUF_BUFG | automate/K[14][6][6]_i_2_n_0  | automate/K[14][6][6]_i_1_n_0  |                5 |              7 |         1.40 |
|  clk_IBUF_BUFG | automate/K[14][5][6]_i_2_n_0  | automate/K[14][5][6]_i_1_n_0  |                4 |              7 |         1.75 |
|  clk_IBUF_BUFG | automate/K[14][7][6]_i_2_n_0  | automate/K[14][7][6]_i_1_n_0  |                4 |              7 |         1.75 |
|  clk_IBUF_BUFG | automate/K[14][9][6]_i_2_n_0  | automate/K[14][9][6]_i_1_n_0  |                4 |              7 |         1.75 |
|  clk_IBUF_BUFG | automate/K[14][8][6]_i_2_n_0  | automate/K[14][8][6]_i_1_n_0  |                5 |              7 |         1.40 |
|  clk_IBUF_BUFG | automate/K[15][0][6]_i_2_n_0  | automate/K[15][0][6]_i_1_n_0  |                4 |              7 |         1.75 |
|  clk_IBUF_BUFG | automate/K[15][10][6]_i_2_n_0 | automate/K[15][10][6]_i_1_n_0 |                4 |              7 |         1.75 |
|  clk_IBUF_BUFG | automate/K[15][13][6]_i_2_n_0 | automate/K[15][13][6]_i_1_n_0 |                5 |              7 |         1.40 |
|  clk_IBUF_BUFG | automate/K[15][12][6]_i_2_n_0 | automate/K[15][12][6]_i_1_n_0 |                4 |              7 |         1.75 |
|  clk_IBUF_BUFG | automate/K[15][11][6]_i_2_n_0 | automate/K[15][11][6]_i_1_n_0 |                6 |              7 |         1.17 |
|  clk_IBUF_BUFG | automate/K[15][1][6]_i_2_n_0  | automate/K[15][1][6]_i_1_n_0  |                4 |              7 |         1.75 |
|  clk_IBUF_BUFG | automate/K[15][15][6]_i_2_n_0 | automate/K[15][15][6]_i_1_n_0 |                5 |              7 |         1.40 |
|  clk_IBUF_BUFG | automate/K[15][16][6]_i_2_n_0 | automate/K[15][16][6]_i_1_n_0 |                7 |              7 |         1.00 |
|  clk_IBUF_BUFG | automate/K[15][5][6]_i_2_n_0  | automate/K[15][5][6]_i_1_n_0  |                5 |              7 |         1.40 |
|  clk_IBUF_BUFG | automate/K[15][4][6]_i_2_n_0  | automate/K[15][4][6]_i_1_n_0  |                4 |              7 |         1.75 |
|  clk_IBUF_BUFG | automate/K[15][2][6]_i_2_n_0  | automate/K[15][2][6]_i_1_n_0  |                5 |              7 |         1.40 |
|  clk_IBUF_BUFG | automate/K[15][3][6]_i_2_n_0  | automate/K[15][3][6]_i_1_n_0  |                5 |              7 |         1.40 |
|  clk_IBUF_BUFG | automate/K[15][6][6]_i_2_n_0  | automate/K[15][6][6]_i_1_n_0  |                4 |              7 |         1.75 |
|  clk_IBUF_BUFG | automate/K[15][9][6]_i_2_n_0  | automate/K[15][9][6]_i_1_n_0  |                4 |              7 |         1.75 |
|  clk_IBUF_BUFG | automate/K[15][8][6]_i_2_n_0  | automate/K[15][8][6]_i_1_n_0  |                4 |              7 |         1.75 |
|  clk_IBUF_BUFG | automate/K[15][7][6]_i_2_n_0  | automate/K[15][7][6]_i_1_n_0  |                6 |              7 |         1.17 |
|  clk_IBUF_BUFG | automate/K[16][10][6]_i_2_n_0 | automate/K[16][10][6]_i_1_n_0 |                5 |              7 |         1.40 |
|  clk_IBUF_BUFG | automate/K[16][11][6]_i_2_n_0 | automate/K[16][11][6]_i_1_n_0 |                5 |              7 |         1.40 |
|  clk_IBUF_BUFG | automate/K[16][0][6]_i_2_n_0  | automate/K[16][0][6]_i_1_n_0  |                4 |              7 |         1.75 |
|  clk_IBUF_BUFG | automate/K[16][12][6]_i_2_n_0 | automate/K[16][12][6]_i_1_n_0 |                6 |              7 |         1.17 |
|  clk_IBUF_BUFG | automate/K[16][14][6]_i_2_n_0 | automate/K[16][14][6]_i_1_n_0 |                7 |              7 |         1.00 |
|  clk_IBUF_BUFG | automate/K[16][13][6]_i_2_n_0 | automate/K[16][13][6]_i_1_n_0 |                6 |              7 |         1.17 |
|  clk_IBUF_BUFG | automate/K[16][15][6]_i_2_n_0 | automate/K[16][15][6]_i_1_n_0 |                4 |              7 |         1.75 |
|  clk_IBUF_BUFG | automate/K[16][2][6]_i_2_n_0  | automate/K[16][2][6]_i_1_n_0  |                5 |              7 |         1.40 |
|  clk_IBUF_BUFG | automate/K[16][3][6]_i_2_n_0  | automate/K[16][3][6]_i_1_n_0  |                5 |              7 |         1.40 |
|  clk_IBUF_BUFG | automate/K[16][1][6]_i_2_n_0  | automate/K[16][1][6]_i_1_n_0  |                5 |              7 |         1.40 |
|  clk_IBUF_BUFG | automate/K[16][16][6]_i_2_n_0 | automate/K[16][16][6]_i_1_n_0 |                5 |              7 |         1.40 |
|  clk_IBUF_BUFG | automate/K[16][6][6]_i_2_n_0  | automate/K[16][6][6]_i_1_n_0  |                6 |              7 |         1.17 |
|  clk_IBUF_BUFG | automate/K[16][4][6]_i_2_n_0  | automate/K[16][4][6]_i_1_n_0  |                5 |              7 |         1.40 |
|  clk_IBUF_BUFG | automate/K[16][7][6]_i_2_n_0  | automate/K[16][7][6]_i_1_n_0  |                4 |              7 |         1.75 |
|  clk_IBUF_BUFG | automate/K[16][5][6]_i_2_n_0  | automate/K[16][5][6]_i_1_n_0  |                5 |              7 |         1.40 |
|  clk_IBUF_BUFG | automate/K[16][9][6]_i_2_n_0  | automate/K[16][9][6]_i_1_n_0  |                5 |              7 |         1.40 |
|  clk_IBUF_BUFG | automate/K[1][0][6]_i_2_n_0   | automate/K[1][0][6]_i_1_n_0   |                4 |              7 |         1.75 |
|  clk_IBUF_BUFG | automate/K[16][8][6]_i_2_n_0  | automate/K[16][8][6]_i_1_n_0  |                5 |              7 |         1.40 |
|  clk_IBUF_BUFG |                               | automate/g[3]_i_1_n_0         |                2 |              8 |         4.00 |
|  clk_IBUF_BUFG | automate/out[7]_i_1_n_0       |                               |                2 |              8 |         4.00 |
|  clk_IBUF_BUFG | dbc/N_reg[2]                  |                               |                5 |              9 |         1.80 |
|  clk_IBUF_BUFG | automate/h[3]_i_1_n_0         | automate/g[3]_i_1_n_0         |                4 |             10 |         2.50 |
|  clk2_reg_n_0  |                               |                               |                4 |             10 |         2.50 |
|  clk_IBUF_BUFG | automate/d[0]_i_2_n_0         | automate/d[0]_i_1_n_0         |                5 |             15 |         3.00 |
|  clk_IBUF_BUFG | automate/E[0]                 |                               |                4 |             16 |         4.00 |
|  clk_IBUF_BUFG | dbc/state_reg[1]              | dbu/N0                        |                5 |             17 |         3.40 |
|  clk_IBUF_BUFG | automate/s1_a                 |                               |                8 |             19 |         2.38 |
|  clk_IBUF_BUFG |                               | clk2                          |                8 |             32 |         4.00 |
|  clk_IBUF_BUFG | dbr/NUMBER114_out             | dbu/N0                        |                8 |             32 |         4.00 |
|  clk_IBUF_BUFG |                               | dbu/N0                        |               26 |             48 |         1.85 |
|  clk_IBUF_BUFG |                               |                               |               22 |             54 |         2.45 |
|  clk_IBUF_BUFG | automate/s2_a                 |                               |               18 |             57 |         3.17 |
+----------------+-------------------------------+-------------------------------+------------------+----------------+--------------+


